<?xml version="1.0" encoding="UTF-8"?>
<!-- Generated by org.testng.reporters.JUnitReportReporter -->
<testsuite skipped="0" hostname="DESKTOP-EPR1DQN" name="projekt.automatyzacja.test.CreateLeadTC" tests="2" failures="0" timestamp="18 sty 2019 13:54:16 GMT" time="16.112" errors="0">
  <testcase name="createLead" time="15.695" classname="projekt.automatyzacja.test.CreateLeadTC"/>
  <testcase name="verifyCreatedLead" time="0.417" classname="projekt.automatyzacja.test.CreateLeadTC"/>
</testsuite> <!-- projekt.automatyzacja.test.CreateLeadTC -->
