<?xml version="1.0" encoding="UTF-8"?>
<!-- Generated by org.testng.reporters.JUnitReportReporter -->
<testsuite skipped="0" hostname="DESKTOP-EPR1DQN" name="projekt.automatyzacja.test.DeleteLeadTC" tests="2" failures="0" timestamp="18 sty 2019 13:54:16 GMT" time="23.529" errors="0">
  <testcase name="deleteLead" time="23.490" classname="projekt.automatyzacja.test.DeleteLeadTC"/>
  <testcase name="verifyDeletion" time="0.039" classname="projekt.automatyzacja.test.DeleteLeadTC"/>
</testsuite> <!-- projekt.automatyzacja.test.DeleteLeadTC -->
