<?xml version="1.0" encoding="UTF-8"?>
<!-- Generated by org.testng.reporters.JUnitReportReporter -->
<testsuite skipped="0" hostname="DESKTOP-EPR1DQN" name="projekt.automatyzacja.test.ActivateUserTC" tests="2" failures="0" timestamp="18 sty 2019 13:54:16 GMT" time="40.003" errors="0">
  <testcase name="activateUser" time="29.118" classname="projekt.automatyzacja.test.ActivateUserTC"/>
  <testcase name="verifyInactivationOfUser" time="10.885" classname="projekt.automatyzacja.test.ActivateUserTC"/>
</testsuite> <!-- projekt.automatyzacja.test.ActivateUserTC -->
