<?xml version="1.0" encoding="UTF-8"?>
<!-- Generated by org.testng.reporters.JUnitReportReporter -->
<testsuite skipped="0" hostname="DESKTOP-EPR1DQN" name="projekt.automatyzacja.test.ExportOpportunitiesTC" tests="1" failures="0" timestamp="18 sty 2019 13:54:16 GMT" time="5.235" errors="0">
  <testcase name="exportOpportunity" time="5.235" classname="projekt.automatyzacja.test.ExportOpportunitiesTC"/>
</testsuite> <!-- projekt.automatyzacja.test.ExportOpportunitiesTC -->
