<?xml version="1.0" encoding="UTF-8"?>
<!-- Generated by org.testng.reporters.JUnitReportReporter -->
<testsuite skipped="0" hostname="DESKTOP-EPR1DQN" name="projekt.automatyzacja.test.CreateContactTC" tests="2" failures="0" timestamp="18 sty 2019 13:54:16 GMT" time="14.746" errors="0">
  <testcase name="createContact" time="14.379" classname="projekt.automatyzacja.test.CreateContactTC"/>
  <testcase name="verifyCreatedContact" time="0.367" classname="projekt.automatyzacja.test.CreateContactTC"/>
</testsuite> <!-- projekt.automatyzacja.test.CreateContactTC -->
