<?xml version="1.0" encoding="UTF-8"?>
<!-- Generated by org.testng.reporters.JUnitReportReporter -->
<testsuite skipped="0" hostname="DESKTOP-EPR1DQN" name="projekt.automatyzacja.test.CreateCatalogItemTC" tests="2" failures="0" timestamp="18 sty 2019 13:54:16 GMT" time="48.027" errors="0">
  <testcase name="createCatalogItem" time="47.787" classname="projekt.automatyzacja.test.CreateCatalogItemTC"/>
  <testcase name="verifyCreatedCatalogItem" time="0.240" classname="projekt.automatyzacja.test.CreateCatalogItemTC"/>
</testsuite> <!-- projekt.automatyzacja.test.CreateCatalogItemTC -->
