<?xml version="1.0" encoding="UTF-8"?>
<!-- Generated by org.testng.reporters.JUnitReportReporter -->
<testsuite skipped="0" hostname="DESKTOP-EPR1DQN" name="projekt.automatyzacja.test.EditContactTC" tests="2" failures="0" timestamp="18 sty 2019 13:54:16 GMT" time="28.562" errors="0">
  <testcase name="editContact" time="28.243" classname="projekt.automatyzacja.test.EditContactTC"/>
  <testcase name="verifyEditedContact" time="0.319" classname="projekt.automatyzacja.test.EditContactTC"/>
</testsuite> <!-- projekt.automatyzacja.test.EditContactTC -->
