<?xml version="1.0" encoding="UTF-8"?>
<!-- Generated by org.testng.reporters.JUnitReportReporter -->
<testsuite skipped="0" hostname="DESKTOP-EPR1DQN" name="projekt.automatyzacja.test.AddPostTC" tests="2" failures="0" timestamp="26 cze 2019 08:57:05 GMT" time="11.183" errors="0">
  <testcase name="addPost" time="11.127" classname="projekt.automatyzacja.test.AddPostTC"/>
  <testcase name="verifyAddedPost" time="0.056" classname="projekt.automatyzacja.test.AddPostTC"/>
</testsuite> <!-- projekt.automatyzacja.test.AddPostTC -->
