<?xml version="1.0" encoding="UTF-8"?>
<!-- Generated by org.testng.reporters.JUnitReportReporter -->
<testsuite skipped="0" hostname="DESKTOP-EPR1DQN" name="projekt.automatyzacja.test.CreateAccountTC" tests="2" failures="0" timestamp="14 sty 2019 08:59:07 GMT" time="52.327" errors="0">
  <testcase name="createAccount" time="51.919" classname="projekt.automatyzacja.test.CreateAccountTC"/>
  <testcase name="verifyCreatedAccount" time="0.408" classname="projekt.automatyzacja.test.CreateAccountTC"/>
</testsuite> <!-- projekt.automatyzacja.test.CreateAccountTC -->
