<?xml version="1.0" encoding="UTF-8"?>
<!-- Generated by org.testng.reporters.JUnitReportReporter -->
<testsuite skipped="0" hostname="DESKTOP-EPR1DQN" name="projekt.automatyzacja.test.CreateContactTC5" tests="8" failures="0" timestamp="26 cze 2019 08:57:05 GMT" time="157.774" errors="0">
  <testcase name="createContact" time="50.637" classname="projekt.automatyzacja.test.CreateContactTC5"/>
  <testcase name="createContact" time="26.972" classname="projekt.automatyzacja.test.CreateContactTC5"/>
  <testcase name="createContact" time="25.269" classname="projekt.automatyzacja.test.CreateContactTC5"/>
  <testcase name="createContact" time="53.084" classname="projekt.automatyzacja.test.CreateContactTC5"/>
  <testcase name="verifyCreatedContact" time="0.440" classname="projekt.automatyzacja.test.CreateContactTC5"/>
  <testcase name="verifyCreatedContact" time="0.455" classname="projekt.automatyzacja.test.CreateContactTC5"/>
  <testcase name="verifyCreatedContact" time="0.471" classname="projekt.automatyzacja.test.CreateContactTC5"/>
  <testcase name="verifyCreatedContact" time="0.446" classname="projekt.automatyzacja.test.CreateContactTC5"/>
</testsuite> <!-- projekt.automatyzacja.test.CreateContactTC5 -->
