<?xml version="1.0" encoding="UTF-8"?>
<!-- Generated by org.testng.reporters.JUnitReportReporter -->
<testsuite skipped="0" hostname="DESKTOP-EPR1DQN" name="projekt.automatyzacja.test.LoginTC" tests="1" failures="0" timestamp="26 cze 2019 08:57:05 GMT" time="21.722" errors="0">
  <testcase name="loginToZurmo" time="21.722" classname="projekt.automatyzacja.test.LoginTC"/>
</testsuite> <!-- projekt.automatyzacja.test.LoginTC -->
