<?xml version="1.0" encoding="UTF-8"?>
<!-- Generated by org.testng.reporters.JUnitReportReporter -->
<testsuite skipped="0" hostname="DESKTOP-EPR1DQN" name="projekt.automatyzacja.test.CreateContactTC" tests="2" failures="0" timestamp="13 sty 2019 17:06:01 GMT" time="34.792" errors="0">
  <testcase name="createContact" time="19.325" classname="projekt.automatyzacja.test.CreateContactTC"/>
  <testcase name="verifyCreatedContact" time="15.467" classname="projekt.automatyzacja.test.CreateContactTC"/>
</testsuite> <!-- projekt.automatyzacja.test.CreateContactTC -->
