<?xml version="1.0" encoding="UTF-8"?>
<!-- Generated by org.testng.reporters.JUnitReportReporter -->
<testsuite skipped="0" hostname="DESKTOP-EPR1DQN" name="projekt.automatyzacja.test.DeactivateUserTC" tests="2" failures="0" timestamp="27 cze 2019 09:02:47 GMT" time="57.835" errors="0">
  <testcase name="deactivateUser" time="38.692" classname="projekt.automatyzacja.test.DeactivateUserTC"/>
  <testcase name="verifyDeactivationOfUser" time="19.143" classname="projekt.automatyzacja.test.DeactivateUserTC"/>
</testsuite> <!-- projekt.automatyzacja.test.DeactivateUserTC -->
