<?xml version="1.0" encoding="UTF-8"?>
<!-- Generated by org.testng.reporters.JUnitReportReporter -->
<testsuite skipped="0" hostname="DESKTOP-EPR1DQN" name="projekt.automatyzacja.test.ActivateUserTC" tests="2" failures="0" timestamp="18 sty 2019 13:17:56 GMT" time="51.349" errors="0">
  <testcase name="activateUser" time="28.167" classname="projekt.automatyzacja.test.ActivateUserTC"/>
  <testcase name="verifyInactivationOfUser" time="23.182" classname="projekt.automatyzacja.test.ActivateUserTC"/>
</testsuite> <!-- projekt.automatyzacja.test.ActivateUserTC -->
