<?xml version="1.0" encoding="UTF-8"?>
<!-- Generated by org.testng.reporters.JUnitReportReporter -->
<testsuite skipped="0" hostname="DESKTOP-EPR1DQN" name="projekt.automatyzacja.test.CreateCatalogItemTC" tests="2" failures="0" timestamp="24 cze 2019 10:24:14 GMT" time="54.500" errors="0">
  <testcase name="createCatalogItem" time="51.001" classname="projekt.automatyzacja.test.CreateCatalogItemTC"/>
  <testcase name="verifyCreatedCatalogItem" time="3.499" classname="projekt.automatyzacja.test.CreateCatalogItemTC"/>
</testsuite> <!-- projekt.automatyzacja.test.CreateCatalogItemTC -->
