<?xml version="1.0" encoding="UTF-8"?>
<!-- Generated by org.testng.reporters.JUnitReportReporter -->
<testsuite skipped="0" hostname="DESKTOP-EPR1DQN" name="projekt.automatyzacja.test.CreateCatalogItemTC" tests="2" failures="0" timestamp="27 cze 2019 10:31:26 GMT" time="55.880" errors="0">
  <testcase name="createCatalogItem" time="55.670" classname="projekt.automatyzacja.test.CreateCatalogItemTC"/>
  <testcase name="verifyCreatedCatalogItem" time="0.210" classname="projekt.automatyzacja.test.CreateCatalogItemTC"/>
</testsuite> <!-- projekt.automatyzacja.test.CreateCatalogItemTC -->
