<?xml version="1.0" encoding="UTF-8"?>
<!-- Generated by org.testng.reporters.JUnitReportReporter -->
<testsuite skipped="0" hostname="DESKTOP-EPR1DQN" name="projekt.automatyzacja.test.LoginTC" tests="1" failures="0" timestamp="12 lut 2019 08:47:52 GMT" time="13.984" errors="0">
  <testcase name="loginToZurmo" time="13.984" classname="projekt.automatyzacja.test.LoginTC"/>
</testsuite> <!-- projekt.automatyzacja.test.LoginTC -->
