<?xml version="1.0" encoding="UTF-8"?>
<!-- Generated by org.testng.reporters.JUnitReportReporter -->
<testsuite skipped="0" hostname="DESKTOP-EPR1DQN" name="projekt.automatyzacja.test.DeleteLeadTC" tests="2" failures="0" timestamp="27 cze 2019 09:09:54 GMT" time="38.186" errors="0">
  <testcase name="deleteLead" time="29.840" classname="projekt.automatyzacja.test.DeleteLeadTC"/>
  <testcase name="verifyDeletion" time="8.346" classname="projekt.automatyzacja.test.DeleteLeadTC"/>
</testsuite> <!-- projekt.automatyzacja.test.DeleteLeadTC -->
