<?xml version="1.0" encoding="UTF-8"?>
<!-- Generated by org.testng.reporters.JUnitReportReporter -->
<testsuite skipped="0" hostname="DESKTOP-EPR1DQN" name="projekt.automatyzacja.test.ActivateUserTC" tests="2" failures="0" timestamp="27 cze 2019 08:58:36 GMT" time="66.199" errors="0">
  <testcase name="activateUser" time="34.301" classname="projekt.automatyzacja.test.ActivateUserTC"/>
  <testcase name="verifyInactivationOfUser" time="31.898" classname="projekt.automatyzacja.test.ActivateUserTC"/>
</testsuite> <!-- projekt.automatyzacja.test.ActivateUserTC -->
