<?xml version="1.0" encoding="UTF-8"?>
<!-- Generated by org.testng.reporters.JUnitReportReporter -->
<testsuite skipped="0" hostname="DESKTOP-EPR1DQN" name="projekt.automatyzacja.test.CreateAccountTC" tests="2" failures="0" timestamp="26 cze 2019 10:55:21 GMT" time="50.690" errors="0">
  <testcase name="createAccount" time="50.362" classname="projekt.automatyzacja.test.CreateAccountTC"/>
  <testcase name="verifyCreatedAccount" time="0.328" classname="projekt.automatyzacja.test.CreateAccountTC"/>
</testsuite> <!-- projekt.automatyzacja.test.CreateAccountTC -->
