<?xml version="1.0" encoding="UTF-8"?>
<!-- Generated by org.testng.reporters.JUnitReportReporter -->
<testsuite skipped="0" hostname="DESKTOP-EPR1DQN" name="projekt.automatyzacja.test.LoginTC" tests="1" failures="0" timestamp="17 sty 2019 19:07:33 GMT" time="11.212" errors="0">
  <testcase name="loginToZurmo" time="11.212" classname="projekt.automatyzacja.test.LoginTC"/>
</testsuite> <!-- projekt.automatyzacja.test.LoginTC -->
