<?xml version="1.0" encoding="UTF-8"?>
<!-- Generated by org.testng.reporters.JUnitReportReporter -->
<testsuite skipped="0" hostname="DESKTOP-EPR1DQN" name="projekt.automatyzacja.test.DeleteLeadTC" tests="2" failures="0" timestamp="08 sty 2019 12:00:00 GMT" time="20.032" errors="0">
  <testcase name="deleteLead" time="20.000" classname="projekt.automatyzacja.test.DeleteLeadTC"/>
  <testcase name="verifyDeletion" time="0.032" classname="projekt.automatyzacja.test.DeleteLeadTC"/>
</testsuite> <!-- projekt.automatyzacja.test.DeleteLeadTC -->
