<?xml version="1.0" encoding="UTF-8"?>
<!-- Generated by org.testng.reporters.JUnitReportReporter -->
<testsuite skipped="0" hostname="DESKTOP-EPR1DQN" name="projekt.automatyzacja.test.CreateLeadTC" tests="2" failures="0" timestamp="15 sty 2019 14:25:58 GMT" time="28.995" errors="0">
  <testcase name="createLead" time="16.949" classname="projekt.automatyzacja.test.CreateLeadTC"/>
  <testcase name="verifyCreatedLead" time="12.046" classname="projekt.automatyzacja.test.CreateLeadTC"/>
</testsuite> <!-- projekt.automatyzacja.test.CreateLeadTC -->
