<?xml version="1.0" encoding="UTF-8"?>
<!-- Generated by org.testng.reporters.JUnitReportReporter -->
<testsuite skipped="0" hostname="DESKTOP-EPR1DQN" name="projekt.automatyzacja.test.ActivateUserTC" tests="2" failures="0" timestamp="26 cze 2019 08:57:05 GMT" time="62.261" errors="0">
  <testcase name="activateUser" time="45.163" classname="projekt.automatyzacja.test.ActivateUserTC"/>
  <testcase name="verifyInactivationOfUser" time="17.098" classname="projekt.automatyzacja.test.ActivateUserTC"/>
</testsuite> <!-- projekt.automatyzacja.test.ActivateUserTC -->
