<?xml version="1.0" encoding="UTF-8"?>
<!-- Generated by org.testng.reporters.JUnitReportReporter -->
<testsuite skipped="0" hostname="DESKTOP-EPR1DQN" name="projekt.automatyzacja.test.ExportOpportunitiesTC" tests="1" failures="0" timestamp="26 cze 2019 08:57:05 GMT" time="8.249" errors="0">
  <testcase name="exportOpportunity" time="8.249" classname="projekt.automatyzacja.test.ExportOpportunitiesTC"/>
</testsuite> <!-- projekt.automatyzacja.test.ExportOpportunitiesTC -->
