<?xml version="1.0" encoding="UTF-8"?>
<!-- Generated by org.testng.reporters.JUnitReportReporter -->
<testsuite skipped="0" hostname="DESKTOP-EPR1DQN" name="projekt.automatyzacja.test.CreateLeadTC" tests="2" failures="0" timestamp="26 cze 2019 09:13:51 GMT" time="43.344" errors="0">
  <testcase name="createLead" time="23.212" classname="projekt.automatyzacja.test.CreateLeadTC"/>
  <testcase name="verifyCreatedLead" time="20.132" classname="projekt.automatyzacja.test.CreateLeadTC"/>
</testsuite> <!-- projekt.automatyzacja.test.CreateLeadTC -->
