<?xml version="1.0" encoding="UTF-8"?>
<!-- Generated by org.testng.reporters.JUnitReportReporter -->
<testsuite skipped="0" hostname="DESKTOP-EPR1DQN" name="projekt.automatyzacja.test.EditContactTC" tests="2" failures="0" timestamp="15 sty 2019 14:29:14 GMT" time="35.752" errors="0">
  <testcase name="editContact" time="30.491" classname="projekt.automatyzacja.test.EditContactTC"/>
  <testcase name="verifyEditedContact" time="5.261" classname="projekt.automatyzacja.test.EditContactTC"/>
</testsuite> <!-- projekt.automatyzacja.test.EditContactTC -->
